1 100
2 322
3 245
4 236
5 253
6 248
7 245
8 268
9 288
10 311
10 334
11 325
12 348
13 365
14 451
15 511
16 397
17 382
18 401
19 420
19 432
20 441
21 452
22 446
23 462
24 474
25 518
26 524
27 506
28 525
28 542
29 574
30 556
31 568
32 578
33 575
34 601
35 606
36 612
37 627
37 662
38 694
39 722
40 675
41 691
42 835
43 735
44 721
45 736
46 743
46 752
47 765
48 770
49 790
50 796
51 826
52 859
53 1032
54 847
55 874
55 1000
56 1099
57 911
58 923
59 930
60 940
61 930
62 975
63 987
64 987
64 998
65 1026
66 1042
67 1159
68 1181
69 1138
70 1087
71 1094
72 1111
73 1136
73 1206
74 1175
75 1184
76 1198
77 1207
78 1237
79 1248
80 1246
81 1324
82 1265
82 1284
83 1302
84 1303
85 1317
86 1350
87 1351
88 1398
89 1367
90 1402
91 1448
91 1469
92 1448
93 1443
94 1456
95 1456
96 1490
97 1480
98 1509
99 1517
100 1549
100 1553
101 1571
102 1691
103 1598
104 1620
105 1612
106 1699
107 1664
108 1650
109 1680
109 1731
110 1728
111 1720
112 1734
113 1731
114 1765
115 1782
116 1790
117 1797
118 1848
118 1825
119 1951
120 1860
121 1863
122 1890
123 1883
124 1916
125 1915
126 1935
127 1960
127 1956
128 1974
129 2001
130 2008
131 2090
132 2029
133 2104
134 2144
135 2237
136 2196
136 2109
137 2106
138 2112
139 2148
140 2162
141 2154
142 2180
143 2200
144 2227
145 2208
145 2227
146 2328
147 2380
148 2306
149 2281
150 2305
151 2310
152 2332
153 2325
154 2354
154 2372
155 2369
156 2379
157 2450
158 2445
159 2490
160 2466
161 2453
162 2467
163 2483
163 2494
164 2505
165 2527
166 2549
167 2530
168 2564
169 2584
170 2574
171 2580
172 2632
172 2599
173 2644
174 2635
175 2682
176 2686
177 2699
178 2691
179 2716
180 2736
181 2752
181 2752
182 2765
183 2787
184 2796
185 2814
186 2806
187 2834
188 2839
189 2865
190 2912
190 2878
191 2902
192 2911
193 2959
194 2973
195 2935
196 2991
197 2970
198 2961
199 3025
199 3036
200 3027
201 3036
202 3032
203 3087
204 3095
205 3097
206 3091
207 3121
208 3114
208 3120
209 3169
210 3146
211 3199
212 3183
213 3155
214 3218
215 3204
216 3242
217 3260
217 3244
218 3255
219 3242
220 3279
221 3304
222 3321
223 3397
224 3343
225 3415
226 3372
226 3379
227 3402
228 3392
229 3415
230 3422
231 3440
232 3533
233 3444
234 3464
235 3466
235 3495
236 3529
237 3517
238 3553
239 3545
240 3556
241 3590
242 3592
243 3612
244 3610
244 3619
245 3659
246 3643
247 3725
248 3670
249 3667
250 3694
251 3702
252 3713
253 3728
253 3751
254 3778
255 3779
256 3794
257 3789
258 3806
259 3813
260 3831
261 3944
262 3863
262 3910
263 3887
264 3904
265 3902
266 3907
267 3951
268 3985
269 3925
270 4002
271 3959
271 4008
272 4018
273 4023
274 4130
275 4057
276 4052
277 4070
278 4072
279 4300
280 4146
280 4305
281 4138
282 4195
283 4221
284 4171
285 4214
286 4239
287 4349
288 4275
289 4236
289 4227
290 4259
291 4296
292 4290
293 4307
294 4305
295 4313
296 4351
297 4350
298 4394
298 4411
299 4412
300 4406
301 4400
302 4390
303 4455
304 4484
305 4499
306 4457
307 4470
307 4492
308 4513
309 4877
310 5284
311 4576
312 4573
313 4583
314 4564
315 4600
316 4618
316 4630
317 4648
318 4662
319 4670
320 4693
321 4721
322 4701
323 4684
324 4740
325 4715
325 4753
326 4859
327 4876
328 4769
329 4765
330 4798
331 4836
332 4875
333 4813
334 4856
334 4898
335 4863
336 4895
337 4890
338 4930
339 4901
340 4918
341 4945
342 5067
343 4984
343 4995
344 5003
345 5020
346 5028
347 5237
348 5065
349 5122
350 5086
351 5170
352 5158
352 5096
353 5100
354 5157
355 5140
356 5156
357 5197
358 5221
359 5178
360 5209
361 5218
361 5295
362 5225
363 5270
364 5301
365 5279
366 5410
367 5312
368 5282
369 5318
370 5354
370 5372
371 5421
372 5391
373 5366
374 5393
375 5446
376 5451
377 5445
378 5454
379 5461
379 5465
380 5576
381 5517
382 5580
383 5540
384 5527
385 5540
386 5557
387 5594
388 5597
388 5634
389 5676
390 5624
391 5639
392 5628
393 5650
394 5665
395 5683
396 5666
397 5715
397 5716
398 5784
399 5719
400 5774
401 5831
402 5883
403 5807
404 5787
405 5798
406 6481
406 5908
407 5858
408 6017
409 5893
410 5899
411 5916
412 6030
413 5944
414 6039
415 5992
415 6000
416 6033
417 6024
418 6030
419 6167
420 6054
421 6035
422 6110
423 6141
424 6087
424 6109
425 6121
426 6160
427 6139
428 6148
429 6135
430 6145
431 6234
432 6209
433 6215
433 6230
434 6214
435 6261
436 6252
437 6366
438 6356
439 6372
440 6297
441 6490
442 6349
442 6345
443 6357
444 6326
445 6360
446 6445
447 6453
448 6428
449 6423
450 6433
451 6482
451 6464
452 6460
453 6499
454 6563
455 6479
456 6528
457 6534
458 6539
459 6574
460 6566
460 7171
461 6673
462 6671
463 6629
464 6631
465 6785
466 6636
467 6672
468 6700
469 6724
469 6745
470 6734
471 6768
472 6774
473 6853
474 6774
475 6757
476 6859
477 6836
478 6813
478 6848
479 6918
480 6834
481 6840
482 6881
483 6916
484 6893
485 6908
486 6964
487 6928
487 6972
488 6984
489 7039
490 7027
491 6983
492 7031
493 6990
494 7476
495 7030
496 7030
496 7131
497 7095
498 7091
499 7125
500 7113
501 7113
502 7158
503 7128
504 7225
505 7183
505 7224
506 7208
507 7299
508 7238
509 7237
510 7365
511 7270
512 7241
513 7290
514 7306
514 7270
515 7318
516 7385
517 7372
518 7355
519 7388
520 7567
521 7410
522 7399
523 7395
523 7632
524 7435
525 7524
526 7726
527 7511
528 7474
529 7603
530 7596
531 7538
532 7520
532 7582
533 7562
534 7590
535 7600
536 7678
537 7598
538 7629
539 7639
540 7648
541 7647
541 7672
542 7724
543 7764
544 7716
545 7810
546 7768
547 7720
548 7855
549 7816
550 7765
550 7784
551 7838
552 7851
553 7799
554 7854
555 7854
556 7885
557 7876
558 8003
559 7898
559 7963
560 7984
561 7909
562 7959
563 7976
564 8262
565 8094
566 8581
567 8132
568 8095
568 8020
569 8610
570 8049
571 8059
572 8144
573 8110
574 8108
575 8179
576 8302
577 8275
577 8154
578 8413
579 8173
580 8186
581 8351
582 8233
583 8258
584 8368
585 8291
586 8286
586 8304
587 8380
588 8291
589 8368
590 8315
591 8312
592 8364
593 8508
594 8351
595 8361
595 8433
596 8432
597 8398
598 8460
599 8437
600 8466
601 8556
602 8641
603 8522
604 8726
604 8485
605 8560
606 8622
607 8510
608 8583
609 8576
610 8568
611 8566
612 8692
613 8610
613 8641
614 8879
615 8625
616 8635
617 8689
618 8677
619 8728
620 8720
621 8747
622 8735
622 8743
623 8757
624 8795
625 8925
626 8827
627 8816
628 8864
629 8812
630 8828
631 8839
631 8826
632 8877
633 8978
634 8936
635 8917
636 9106
637 8928
638 8944
639 8991
640 8982
640 8977
641 9028
642 9026
643 9096
644 9057
645 9175
646 9043
647 9263
648 9246
649 9338
649 9111
650 9109
651 9219
652 9139
653 9172
654 9177
655 9203
656 9184
657 9374
658 9194
658 9325
659 9256
660 9227
661 9282
662 9308
663 9266
664 9319
665 9306
666 9321
667 9324
667 9341
668 9409
669 9425
670 9485
671 9409
672 9418
673 9405
674 9502
675 9430
676 9437
676 9523
677 9507
678 9552
679 9465
680 9525
681 9540
682 9505
683 9574
684 9637
685 9618
685 9556
686 9587
687 9619
688 9626
689 9693
690 9663
691 9746
692 9656
693 9684
694 9697
694 9670
695 9829
696 9707
697 9724
698 9810
699 9744
700 9764
701 9826
702 9782
703 9846
703 9817
704 9829
705 9881
706 9884
707 9907
708 9928
709 9913
710 9933
711 9903
712 9918
712 9970
713 9988
714 9941
715 10118
716 9973
717 10047
718 10004
719 10046
720 10077
721 10038
721 10100
722 10032
723 10072
724 10195
725 10103
726 10179
727 10174
728 10182
729 10182
730 10180
730 10279
731 10190
732 10213
733 10446
734 10196
735 10327
736 10223
737 10273
738 10347
739 10277
739 10410
740 10329
741 10296
742 10459
743 10400
744 10399
745 10348
746 10442
747 10414
748 10411
748 10507
749 10415
750 10457
751 10418
752 10508
753 10603
754 10533
755 10484
756 10523
757 10528
757 10559
758 10565
759 10653
760 10534
761 10653
762 10621
763 10661
764 10587
765 10635
766 10620
766 10644
767 10685
768 10711
769 10697
770 10733
771 10717
772 10742
773 10820
774 10769
775 10796
775 10734
776 10816
777 10952
778 10797
779 10819
780 10815
781 10805
782 10914
783 10971
784 10916
784 10894
785 10901
786 10903
787 11001
788 10904
789 10929
790 10954
791 10976
792 11257
793 11033
793 11134
794 11032
795 11192
796 11030
797 11062
798 11086
799 11055
800 11119
801 11091
802 11115
802 11110
803 11172
804 11151
805 11174
806 11224
807 11178
808 11190
809 11280
810 11369
811 11365
811 11326
812 11267
813 11268
814 11283
815 11312
816 11325
817 11283
818 11406
819 11342
820 11365
820 11340
821 11464
822 11487
823 11407
824 11451
825 11425
826 11597
827 11431
828 11563
829 11433
829 11490
830 11498
831 11518
832 11598
833 11551
834 11615
835 11495
836 11662
837 11588
838 11548
838 11645
839 11598
840 11627
841 11612
842 11758
843 11665
844 12020
845 11682
846 11963
847 12064
847 11941
848 11845
849 11863
850 11820
851 11928
852 11784
853 11828
854 11892
855 12255
856 11924
856 11925
857 11908
858 11887
859 12007
860 11868
861 11880
862 11948
863 12052
864 11921
865 12416
865 11934
866 12059
867 11958
868 12026
869 12016
870 12018
871 12041
872 12065
873 12275
874 12176
874 12051
875 12156
876 12107
877 12132
878 12135
879 12185
880 12272
881 12181
882 12189
883 12186
883 12251
884 12230
885 12272
886 12228
887 12395
888 12302
889 12285
890 12301
891 12313
892 12289
892 12372
893 12355
894 12858
895 12338
896 12370
897 12384
898 12836
899 12590
900 12435
901 12424
901 12588
902 12456
903 12558
904 12575
905 12461
906 12490
907 12556
908 12552
909 12552
910 12541
910 12631
911 12522
912 12574
913 12667
914 12589
915 12618
916 12652
917 12656
918 12742
919 12889
919 12722
920 12778
921 12798
922 12743
923 12798
924 12730
925 12854
926 12759
927 12807
928 12764
928 12869
929 12810
930 13596
931 12878
932 12948
933 12865
934 12844
935 12842
936 12909
937 13133
937 13132
938 13142
939 12975
940 12969
941 12954
942 13076
943 12943
944 13182
945 13006
946 14100
946 12995
947 13053
948 13042
949 13311
950 13047
951 13358
952 13141
953 13142
954 13492
955 13266
955 13211
956 13227
957 13181
958 13342
959 13462
960 13206
961 13226
962 13203
963 13372
964 13298
964 13347
965 13317
966 13311
967 13271
968 13318
969 13401
970 13301
971 13346
972 13387
973 13395
973 13348
974 13404
975 13381
976 13535
977 13434
978 13461
979 13596
980 13403
981 13504
982 13489
982 13515
983 13513
984 13530
985 13523
986 13534
987 13532
988 13540
989 13582
990 13534
991 13580
991 13596
992 13583
993 13639
994 13687
995 13646
996 13760
997 13970
998 13731
999 13727
1000 13672
1000 13729
